-------------------------------------------------------------------------------
Test set: money.MoneyTest
-------------------------------------------------------------------------------
Tests run: 2, Failures: 1, Errors: 0, Skipped: 0, Time elapsed: 0.092 s <<< FAILURE! - in money.MoneyTest
testEquality  Time elapsed: 0.01 s  <<< FAILURE!
org.opentest4j.AssertionFailedError: expected: <false> but was: <true>
	at money.MoneyTest.testEquality(MoneyTest.java:18)

